<?xml version="1.0" encoding="UTF-8"?>
<!-- Generated by org.testng.reporters.JUnitReportReporter -->
<testsuite hostname="DESKTOP-F8HC46L" failures="0" tests="2" name="com.scripts.GetCollections" time="10.730" errors="0" timestamp="2020-11-29T13:40:48 CET" skipped="0">
  <testcase classname="com.scripts.GetCollections" name="getCollectionAll" time="4.491"/>
  <system-out/>
  <testcase classname="com.scripts.GetCollections" name="getCollectionSingle" time="6.239"/>
  <system-out/>
</testsuite> <!-- com.scripts.GetCollections -->
