<?xml version="1.0" encoding="UTF-8"?>
<!-- Generated by org.testng.reporters.JUnitReportReporter -->
<testsuite hostname="DESKTOP-F8HC46L" failures="0" tests="2" name="com.scripts.ApiGETCollections" time="10.941" errors="0" timestamp="2020-11-27T08:00:33 CET" skipped="0">
  <testcase classname="com.scripts.ApiGETCollections" name="getCollectionAll" time="4.969"/>
  <system-out/>
  <testcase classname="com.scripts.ApiGETCollections" name="getCollectionSingle" time="5.972"/>
  <system-out/>
</testsuite> <!-- com.scripts.ApiGETCollections -->
