<?xml version="1.0" encoding="UTF-8"?>
<!-- Generated by org.testng.reporters.JUnitReportReporter -->
<testsuite hostname="DESKTOP-F8HC46L" failures="0" tests="2" name="com.scripts.GetCollections" time="11.215" errors="0" timestamp="2020-11-28T22:20:45 CET" skipped="0">
  <testcase classname="com.scripts.GetCollections" name="getCollectionSingle" time="5.887"/>
  <system-out/>
  <testcase classname="com.scripts.GetCollections" name="getCollectionAll" time="5.328"/>
  <system-out/>
</testsuite> <!-- com.scripts.GetCollections -->
