<?xml version="1.0" encoding="UTF-8"?>
<!-- Generated by org.testng.reporters.JUnitReportReporter -->
<testsuite hostname="DESKTOP-F8HC46L" failures="0" tests="2" name="ApiGETCollections" time="11.447" errors="0" timestamp="2020-11-27T07:16:04 CET" skipped="0">
  <testcase classname="ApiGETCollections" name="getCollectionSingle" time="2.965"/>
  <system-out/>
  <testcase classname="ApiGETCollections" name="getCollectionAll" time="8.482"/>
  <system-out/>
</testsuite> <!-- ApiGETCollections -->
