<?xml version="1.0" encoding="UTF-8"?>
<!-- Generated by org.testng.reporters.JUnitReportReporter -->
<testsuite hostname="DESKTOP-F8HC46L" failures="0" tests="2" name="com.scripts.GetCollections" time="11.064" errors="0" timestamp="2020-11-29T20:21:43 CET" skipped="0">
  <testcase classname="com.scripts.GetCollections" name="getCollectionSingle" time="4.125"/>
  <system-out/>
  <testcase classname="com.scripts.GetCollections" name="getCollectionAll" time="6.939"/>
  <system-out/>
</testsuite> <!-- com.scripts.GetCollections -->
