<?xml version="1.0" encoding="UTF-8"?>
<!-- Generated by org.testng.reporters.JUnitReportReporter -->
<testsuite hostname="DESKTOP-F8HC46L" failures="0" tests="3" name="com.scripts.NegativeCases" time="2.579" errors="0" timestamp="2020-11-28T21:26:39 CET" skipped="0">
  <testcase classname="com.scripts.NegativeCases" name="invalidSearch" time="0.947"/>
  <system-out/>
  <testcase classname="com.scripts.NegativeCases" name="unauthorizedGetRequest" time="0.778"/>
  <system-out/>
  <testcase classname="com.scripts.NegativeCases" name="postEmptyBody" time="0.854"/>
  <system-out/>
</testsuite> <!-- com.scripts.NegativeCases -->
