<?xml version="1.0" encoding="UTF-8"?>
<!-- Generated by org.testng.reporters.JUnitReportReporter -->
<testsuite hostname="DESKTOP-F8HC46L" failures="0" tests="1" name="com.scripts.PostCollections" time="4.287" errors="0" timestamp="2020-11-29T13:40:48 CET" skipped="0">
  <testcase classname="com.scripts.PostCollections" name="postCollections" time="4.287"/>
  <system-out/>
</testsuite> <!-- com.scripts.PostCollections -->
