<?xml version="1.0" encoding="UTF-8"?>
<!-- Generated by org.testng.reporters.JUnitReportReporter -->
<testsuite hostname="DESKTOP-F8HC46L" failures="0" tests="3" name="com.scripts.NegativeCases" time="2.906" errors="0" timestamp="2020-11-29T20:21:43 CET" skipped="0">
  <testcase classname="com.scripts.NegativeCases" name="unauthorizedGetRequest" time="0.875"/>
  <system-out/>
  <testcase classname="com.scripts.NegativeCases" name="postEmptyBody" time="0.968"/>
  <system-out/>
  <testcase classname="com.scripts.NegativeCases" name="invalidSearch" time="1.063"/>
  <system-out/>
</testsuite> <!-- com.scripts.NegativeCases -->
