<?xml version="1.0" encoding="UTF-8"?>
<!-- Generated by org.testng.reporters.JUnitReportReporter -->
<testsuite hostname="DESKTOP-F8HC46L" failures="0" tests="2" name="com.scripts.GetCollections" time="15.304" errors="0" timestamp="2020-11-29T13:01:34 CET" skipped="0">
  <testcase classname="com.scripts.GetCollections" name="getCollectionAll" time="7.369"/>
  <system-out/>
  <testcase classname="com.scripts.GetCollections" name="getCollectionSingle" time="7.935"/>
  <system-out/>
</testsuite> <!-- com.scripts.GetCollections -->
