<?xml version="1.0" encoding="UTF-8"?>
<!-- Generated by org.testng.reporters.JUnitReportReporter -->
<testsuite hostname="DESKTOP-F8HC46L" failures="0" tests="3" name="com.scripts.NegativeCases" time="2.797" errors="0" timestamp="2020-11-29T13:40:48 CET" skipped="0">
  <testcase classname="com.scripts.NegativeCases" name="unauthorizedGetRequest" time="0.810"/>
  <system-out/>
  <testcase classname="com.scripts.NegativeCases" name="invalidSearch" time="1.025"/>
  <system-out/>
  <testcase classname="com.scripts.NegativeCases" name="postEmptyBody" time="0.962"/>
  <system-out/>
</testsuite> <!-- com.scripts.NegativeCases -->
