<?xml version="1.0" encoding="UTF-8"?>
<!-- Generated by org.testng.reporters.JUnitReportReporter -->
<testsuite hostname="DESKTOP-F8HC46L" failures="0" tests="2" name="com.scripts.GetCollections" time="11.631" errors="0" timestamp="2020-11-27T07:45:09 CET" skipped="0">
  <testcase classname="com.scripts.GetCollections" name="getCollectionAll" time="5.374"/>
  <system-out/>
  <testcase classname="com.scripts.GetCollections" name="getCollectionSingle" time="6.257"/>
  <system-out/>
</testsuite> <!-- com.scripts.GetCollections -->
