<?xml version="1.0" encoding="UTF-8"?>
<!-- Generated by org.testng.reporters.JUnitReportReporter -->
<testsuite hostname="DESKTOP-F8HC46L" failures="0" tests="2" name="com.scripts.GetCollections" time="10.201" errors="0" timestamp="2020-11-28T21:26:39 CET" skipped="0">
  <testcase classname="com.scripts.GetCollections" name="getCollectionAll" time="7.389"/>
  <system-out/>
  <testcase classname="com.scripts.GetCollections" name="getCollectionSingle" time="2.812"/>
  <system-out/>
</testsuite> <!-- com.scripts.GetCollections -->
