<?xml version="1.0" encoding="UTF-8"?>
<!-- Generated by org.testng.reporters.JUnitReportReporter -->
<testsuite hostname="DESKTOP-F8HC46L" failures="0" tests="2" name="com.scripts.ApiGETCollections" time="10.572" errors="0" timestamp="2020-11-27T09:03:11 CET" skipped="0">
  <testcase classname="com.scripts.ApiGETCollections" name="getCollectionAll" time="4.583"/>
  <system-out/>
  <testcase classname="com.scripts.ApiGETCollections" name="getCollectionSingle" time="5.989"/>
  <system-out/>
</testsuite> <!-- com.scripts.ApiGETCollections -->
