<?xml version="1.0" encoding="UTF-8"?>
<!-- Generated by org.testng.reporters.JUnitReportReporter -->
<testsuite hostname="DESKTOP-F8HC46L" failures="0" tests="2" name="com.scripts.ApiGETCollections" time="10.916" errors="0" timestamp="2020-11-28T02:29:18 CET" skipped="0">
  <testcase classname="com.scripts.ApiGETCollections" name="getCollectionAll" time="4.949"/>
  <system-out/>
  <testcase classname="com.scripts.ApiGETCollections" name="getCollectionSingle" time="5.967"/>
  <system-out/>
</testsuite> <!-- com.scripts.ApiGETCollections -->
