<?xml version="1.0" encoding="UTF-8"?>
<!-- Generated by org.testng.reporters.JUnitReportReporter -->
<testsuite hostname="DESKTOP-F8HC46L" failures="0" tests="3" name="com.scripts.NegativeCases" time="3.141" errors="0" timestamp="2020-11-30T00:18:02 CET" skipped="0">
  <testcase classname="com.scripts.NegativeCases" name="unauthorizedGetRequest" time="0.952"/>
  <system-out/>
  <testcase classname="com.scripts.NegativeCases" name="invalidSearch" time="0.983"/>
  <system-out/>
  <testcase classname="com.scripts.NegativeCases" name="postEmptyBody" time="1.206"/>
  <system-out/>
</testsuite> <!-- com.scripts.NegativeCases -->
