<?xml version="1.0" encoding="UTF-8"?>
<!-- Generated by org.testng.reporters.JUnitReportReporter -->
<testsuite hostname="DESKTOP-F8HC46L" failures="0" tests="2" name="com.scripts.GetCollections" time="10.512" errors="0" timestamp="2020-11-30T00:18:02 CET" skipped="0">
  <testcase classname="com.scripts.GetCollections" name="getCollectionAll" time="4.471"/>
  <system-out/>
  <testcase classname="com.scripts.GetCollections" name="getCollectionSingle" time="6.041"/>
  <system-out/>
</testsuite> <!-- com.scripts.GetCollections -->
