<?xml version="1.0" encoding="UTF-8"?>
<!-- Generated by org.testng.reporters.JUnitReportReporter -->
<testsuite hostname="DESKTOP-F8HC46L" failures="0" tests="3" name="com.scripts.NegativeCases" time="2.844" errors="0" timestamp="2020-11-29T21:33:20 CET" skipped="0">
  <testcase classname="com.scripts.NegativeCases" name="postEmptyBody" time="1.016"/>
  <system-out/>
  <testcase classname="com.scripts.NegativeCases" name="invalidSearch" time="0.969"/>
  <system-out/>
  <testcase classname="com.scripts.NegativeCases" name="unauthorizedGetRequest" time="0.859"/>
  <system-out/>
</testsuite> <!-- com.scripts.NegativeCases -->
