<?xml version="1.0" encoding="UTF-8"?>
<!-- Generated by org.testng.reporters.JUnitReportReporter -->
<testsuite hostname="DESKTOP-F8HC46L" failures="0" tests="2" name="com.scripts.GetCollections" time="10.566" errors="0" timestamp="2020-11-29T21:33:20 CET" skipped="0">
  <testcase classname="com.scripts.GetCollections" name="getCollectionAll" time="5.687"/>
  <system-out/>
  <testcase classname="com.scripts.GetCollections" name="getCollectionSingle" time="4.879"/>
  <system-out/>
</testsuite> <!-- com.scripts.GetCollections -->
